Task 7: STAGE_1=Neural  STAGE_2=Neural-RC
[2026-05-21 02:48:01] test.py(168) : DEBUG_MODE: False
[2026-05-21 02:48:01] test.py(169) : USE_CUDA: True, CUDA_DEVICE_NUM: 0
[2026-05-21 02:48:01] test.py(171) : env_params{'mode': 'test', 'data_path': None, 'sub_path': False}
[2026-05-21 02:48:01] test.py(171) : model_params{'mode': 'test', 'embedding_dim': 128, 'sqrt_embedding_dim': 11.313708498984761, 'decoder_layer_num': 6, 'qkv_dim': 16, 'head_num': 8, 'ff_hidden_dim': 128}
[2026-05-21 02:48:01] test.py(171) : tester_params{'use_cuda': True, 'cuda_device_num': 0, 'test_episodes': 200, 'test_batch_size': 200, 'beam_size': 16, 'knn_k': 99, 'num_PRC': 1000, 'beam': True, 'PRC': True}
[2026-05-21 02:48:01] test.py(171) : logger_params{'log_file': {'desc': 'test_Neural_Neural-RC', 'filename': 'log.txt', 'filepath': '/home/schafhdaniel@edu.local/ablation-study-GELD/result/20260521_094801_test_Neural_Neural-RC'}}
[2026-05-21 02:48:01] test.py(171) : ablation_params{'stage_1': 'Neural', 'stage_2': 'Neural-RC'}
/home/schafhdaniel@edu.local/ablation-study-GELD/.venv/lib/python3.11/site-packages/torch/__init__.py:696: UserWarning: torch.set_default_tensor_type() is deprecated as of PyTorch 2.1, please use torch.set_default_dtype() and torch.set_default_device() as alternatives. (Triggered internally at ../torch/csrc/tensor/python_tensor.cpp:451.)
  _C._set_default_tensor_type(t)
load raw dataset begin!
Get first complete solution!
[2026-05-21 02:48:37] TSPTester.py(702) : greedy, name:TSP100, gap:0.061382 %,  Elapsed[0.57m], stu_l:7.874170 , opt_l:7.869339
[2026-05-21 02:48:37] TSPTester.py(86) : episode 200/200, Elapsed[0.57m], Remain[0.00m], Score_teacher:7.8693,Score_studetnt: 7.8742,
[2026-05-21 02:48:37] TSPTester.py(100) :  *** Test Done *** 
[2026-05-21 02:48:37] TSPTester.py(101) :  Teacher SCORE: 7.8693 
[2026-05-21 02:48:37] TSPTester.py(102) :  Student SCORE: 7.8742 
[2026-05-21 02:48:37] TSPTester.py(103) :  Gap: 0.0614%
[2026-05-21 02:48:37] test.py(168) : DEBUG_MODE: False
[2026-05-21 02:48:37] test.py(169) : USE_CUDA: True, CUDA_DEVICE_NUM: 0
[2026-05-21 02:48:37] test.py(171) : env_params{'mode': 'test', 'data_path': None, 'sub_path': False}
[2026-05-21 02:48:37] test.py(171) : model_params{'mode': 'test', 'embedding_dim': 128, 'sqrt_embedding_dim': 11.313708498984761, 'decoder_layer_num': 6, 'qkv_dim': 16, 'head_num': 8, 'ff_hidden_dim': 128}
[2026-05-21 02:48:37] test.py(171) : tester_params{'use_cuda': True, 'cuda_device_num': 0, 'test_episodes': 200, 'test_batch_size': 100, 'beam_size': 16, 'knn_k': 99, 'num_PRC': 1000, 'beam': True, 'PRC': True, 'model_load': {'path': 'result/pre_trained_model', 'epoch': 49}}
[2026-05-21 02:48:37] test.py(171) : logger_params{'log_file': {'desc': 'test_Neural_Neural-RC', 'filename': 'log.txt', 'filepath': '/home/schafhdaniel@edu.local/ablation-study-GELD/result/20260521_094801_test_Neural_Neural-RC'}}
[2026-05-21 02:48:37] test.py(171) : ablation_params{'stage_1': 'Neural', 'stage_2': 'Neural-RC'}
load raw dataset begin!
Get first complete solution!
[2026-05-21 02:50:03] TSPTester.py(702) : greedy, name:TSP500, gap:0.460615 %,  Elapsed[1.41m], stu_l:16.601511 , opt_l:16.525393
[2026-05-21 02:50:03] TSPTester.py(86) : episode 100/200, Elapsed[1.41m], Remain[1.41m], Score_teacher:16.5254,Score_studetnt: 16.6015,
Get first complete solution!
[2026-05-21 02:51:17] TSPTester.py(702) : greedy, name:TSP500, gap:0.732813 %,  Elapsed[2.64m], stu_l:16.716400 , opt_l:16.594791
[2026-05-21 02:51:17] TSPTester.py(86) : episode 200/200, Elapsed[2.64m], Remain[0.00m], Score_teacher:16.5948,Score_studetnt: 16.7164,
[2026-05-21 02:51:17] TSPTester.py(100) :  *** Test Done *** 
[2026-05-21 02:51:17] TSPTester.py(101) :  Teacher SCORE: 16.5601 
[2026-05-21 02:51:17] TSPTester.py(102) :  Student SCORE: 16.6590 
[2026-05-21 02:51:17] TSPTester.py(103) :  Gap: 0.5970%
[2026-05-21 02:51:17] test.py(168) : DEBUG_MODE: False
[2026-05-21 02:51:17] test.py(169) : USE_CUDA: True, CUDA_DEVICE_NUM: 0
[2026-05-21 02:51:17] test.py(171) : env_params{'mode': 'test', 'data_path': None, 'sub_path': False}
[2026-05-21 02:51:17] test.py(171) : model_params{'mode': 'test', 'embedding_dim': 128, 'sqrt_embedding_dim': 11.313708498984761, 'decoder_layer_num': 6, 'qkv_dim': 16, 'head_num': 8, 'ff_hidden_dim': 128}
[2026-05-21 02:51:17] test.py(171) : tester_params{'use_cuda': True, 'cuda_device_num': 0, 'test_episodes': 200, 'test_batch_size': 200, 'beam_size': 16, 'knn_k': 99, 'num_PRC': 1000, 'beam': True, 'PRC': True, 'model_load': {'path': 'result/pre_trained_model', 'epoch': 49}}
[2026-05-21 02:51:17] test.py(171) : logger_params{'log_file': {'desc': 'test_Neural_Neural-RC', 'filename': 'log.txt', 'filepath': '/home/schafhdaniel@edu.local/ablation-study-GELD/result/20260521_094801_test_Neural_Neural-RC'}}
[2026-05-21 02:51:17] test.py(171) : ablation_params{'stage_1': 'Neural', 'stage_2': 'Neural-RC'}
load raw dataset begin!
Get first complete solution!
[2026-05-21 02:55:44] TSPTester.py(702) : greedy, name:TSP1000, gap:0.580546 %,  Elapsed[4.41m], stu_l:23.356302 , opt_l:23.221491
[2026-05-21 02:55:44] TSPTester.py(86) : episode 200/200, Elapsed[4.41m], Remain[0.00m], Score_teacher:23.2215,Score_studetnt: 23.3563,
[2026-05-21 02:55:44] TSPTester.py(100) :  *** Test Done *** 
[2026-05-21 02:55:44] TSPTester.py(101) :  Teacher SCORE: 23.2215 
[2026-05-21 02:55:44] TSPTester.py(102) :  Student SCORE: 23.3563 
[2026-05-21 02:55:44] TSPTester.py(103) :  Gap: 0.5805%
[2026-05-21 02:55:44] test.py(168) : DEBUG_MODE: False
[2026-05-21 02:55:44] test.py(169) : USE_CUDA: True, CUDA_DEVICE_NUM: 0
[2026-05-21 02:55:44] test.py(171) : env_params{'mode': 'test', 'data_path': None, 'sub_path': False}
[2026-05-21 02:55:44] test.py(171) : model_params{'mode': 'test', 'embedding_dim': 128, 'sqrt_embedding_dim': 11.313708498984761, 'decoder_layer_num': 6, 'qkv_dim': 16, 'head_num': 8, 'ff_hidden_dim': 128}
[2026-05-21 02:55:44] test.py(171) : tester_params{'use_cuda': True, 'cuda_device_num': 0, 'test_episodes': 20, 'test_batch_size': 20, 'beam_size': 16, 'knn_k': 99, 'num_PRC': 1000, 'beam': True, 'PRC': True, 'model_load': {'path': 'result/pre_trained_model', 'epoch': 49}}
[2026-05-21 02:55:44] test.py(171) : logger_params{'log_file': {'desc': 'test_Neural_Neural-RC', 'filename': 'log.txt', 'filepath': '/home/schafhdaniel@edu.local/ablation-study-GELD/result/20260521_094801_test_Neural_Neural-RC'}}
[2026-05-21 02:55:44] test.py(171) : ablation_params{'stage_1': 'Neural', 'stage_2': 'Neural-RC'}
load raw dataset begin!
Get first complete solution!
[2026-05-21 02:59:04] TSPTester.py(702) : greedy, name:TSP5000, gap:2.767888 %,  Elapsed[3.29m], stu_l:52.394131 , opt_l:50.982979
[2026-05-21 02:59:04] TSPTester.py(86) : episode  20/ 20, Elapsed[3.29m], Remain[0.00m], Score_teacher:50.9830,Score_studetnt: 52.3941,
[2026-05-21 02:59:04] TSPTester.py(100) :  *** Test Done *** 
[2026-05-21 02:59:04] TSPTester.py(101) :  Teacher SCORE: 50.9830 
[2026-05-21 02:59:04] TSPTester.py(102) :  Student SCORE: 52.3941 
[2026-05-21 02:59:04] TSPTester.py(103) :  Gap: 2.7679%
[2026-05-21 02:59:04] test.py(168) : DEBUG_MODE: False
[2026-05-21 02:59:04] test.py(169) : USE_CUDA: True, CUDA_DEVICE_NUM: 0
[2026-05-21 02:59:04] test.py(171) : env_params{'mode': 'test', 'data_path': None, 'sub_path': False}
[2026-05-21 02:59:04] test.py(171) : model_params{'mode': 'test', 'embedding_dim': 128, 'sqrt_embedding_dim': 11.313708498984761, 'decoder_layer_num': 6, 'qkv_dim': 16, 'head_num': 8, 'ff_hidden_dim': 128}
[2026-05-21 02:59:04] test.py(171) : tester_params{'use_cuda': True, 'cuda_device_num': 0, 'test_episodes': 20, 'test_batch_size': 20, 'beam_size': 16, 'knn_k': 99, 'num_PRC': 1000, 'beam': True, 'PRC': True, 'model_load': {'path': 'result/pre_trained_model', 'epoch': 49}}
[2026-05-21 02:59:04] test.py(171) : logger_params{'log_file': {'desc': 'test_Neural_Neural-RC', 'filename': 'log.txt', 'filepath': '/home/schafhdaniel@edu.local/ablation-study-GELD/result/20260521_094801_test_Neural_Neural-RC'}}
[2026-05-21 02:59:04] test.py(171) : ablation_params{'stage_1': 'Neural', 'stage_2': 'Neural-RC'}
load raw dataset begin!
Get first complete solution!
[2026-05-21 03:04:57] TSPTester.py(702) : greedy, name:TSP10000, gap:2.482748 %,  Elapsed[5.84m], stu_l:74.959564 , opt_l:73.143593
[2026-05-21 03:04:57] TSPTester.py(86) : episode  20/ 20, Elapsed[5.85m], Remain[0.00m], Score_teacher:73.1436,Score_studetnt: 74.9596,
[2026-05-21 03:04:57] TSPTester.py(100) :  *** Test Done *** 
[2026-05-21 03:04:57] TSPTester.py(101) :  Teacher SCORE: 73.1436 
[2026-05-21 03:04:57] TSPTester.py(102) :  Student SCORE: 74.9596 
[2026-05-21 03:04:57] TSPTester.py(103) :  Gap: 2.4827%
[2026-05-21 03:04:57] test.py(168) : DEBUG_MODE: False
[2026-05-21 03:04:57] test.py(169) : USE_CUDA: True, CUDA_DEVICE_NUM: 0
[2026-05-21 03:04:57] test.py(171) : env_params{'mode': 'test', 'data_path': None, 'sub_path': False}
[2026-05-21 03:04:57] test.py(171) : model_params{'mode': 'test', 'embedding_dim': 128, 'sqrt_embedding_dim': 11.313708498984761, 'decoder_layer_num': 6, 'qkv_dim': 16, 'head_num': 8, 'ff_hidden_dim': 128}
[2026-05-21 03:04:57] test.py(171) : tester_params{'use_cuda': True, 'cuda_device_num': 0, 'test_episodes': 200, 'test_batch_size': 200, 'beam_size': 16, 'knn_k': 99, 'num_PRC': 1000, 'beam': True, 'PRC': True, 'model_load': {'path': 'result/pre_trained_model', 'epoch': 49}}
[2026-05-21 03:04:57] test.py(171) : logger_params{'log_file': {'desc': 'test_Neural_Neural-RC', 'filename': 'log.txt', 'filepath': '/home/schafhdaniel@edu.local/ablation-study-GELD/result/20260521_094801_test_Neural_Neural-RC'}}
[2026-05-21 03:04:57] test.py(171) : ablation_params{'stage_1': 'Neural', 'stage_2': 'Neural-RC'}
load raw dataset begin!
Get first complete solution!
[2026-05-21 03:05:34] TSPTester.py(702) : greedy, name:TSP100, gap:0.461729 %,  Elapsed[0.57m], stu_l:5.412481 , opt_l:5.387605
[2026-05-21 03:05:34] TSPTester.py(86) : episode 200/200, Elapsed[0.57m], Remain[0.00m], Score_teacher:5.3876,Score_studetnt: 5.4125,
[2026-05-21 03:05:34] TSPTester.py(100) :  *** Test Done *** 
[2026-05-21 03:05:34] TSPTester.py(101) :  Teacher SCORE: 5.3876 
[2026-05-21 03:05:34] TSPTester.py(102) :  Student SCORE: 5.4125 
[2026-05-21 03:05:34] TSPTester.py(103) :  Gap: 0.4617%
[2026-05-21 03:05:34] test.py(168) : DEBUG_MODE: False
[2026-05-21 03:05:34] test.py(169) : USE_CUDA: True, CUDA_DEVICE_NUM: 0
[2026-05-21 03:05:34] test.py(171) : env_params{'mode': 'test', 'data_path': None, 'sub_path': False}
[2026-05-21 03:05:34] test.py(171) : model_params{'mode': 'test', 'embedding_dim': 128, 'sqrt_embedding_dim': 11.313708498984761, 'decoder_layer_num': 6, 'qkv_dim': 16, 'head_num': 8, 'ff_hidden_dim': 128}
[2026-05-21 03:05:34] test.py(171) : tester_params{'use_cuda': True, 'cuda_device_num': 0, 'test_episodes': 200, 'test_batch_size': 100, 'beam_size': 16, 'knn_k': 99, 'num_PRC': 1000, 'beam': True, 'PRC': True, 'model_load': {'path': 'result/pre_trained_model', 'epoch': 49}}
[2026-05-21 03:05:34] test.py(171) : logger_params{'log_file': {'desc': 'test_Neural_Neural-RC', 'filename': 'log.txt', 'filepath': '/home/schafhdaniel@edu.local/ablation-study-GELD/result/20260521_094801_test_Neural_Neural-RC'}}
[2026-05-21 03:05:34] test.py(171) : ablation_params{'stage_1': 'Neural', 'stage_2': 'Neural-RC'}
load raw dataset begin!
Get first complete solution!
[2026-05-21 03:07:00] TSPTester.py(702) : greedy, name:TSP500, gap:1.189715 %,  Elapsed[1.41m], stu_l:10.348554 , opt_l:10.226883
[2026-05-21 03:07:00] TSPTester.py(86) : episode 100/200, Elapsed[1.41m], Remain[1.41m], Score_teacher:10.2269,Score_studetnt: 10.3486,
Get first complete solution!
[2026-05-21 03:08:14] TSPTester.py(702) : greedy, name:TSP500, gap:1.637884 %,  Elapsed[2.64m], stu_l:10.633935 , opt_l:10.462570
[2026-05-21 03:08:14] TSPTester.py(86) : episode 200/200, Elapsed[2.64m], Remain[0.00m], Score_teacher:10.4626,Score_studetnt: 10.6339,
[2026-05-21 03:08:14] TSPTester.py(100) :  *** Test Done *** 
[2026-05-21 03:08:14] TSPTester.py(101) :  Teacher SCORE: 10.3447 
[2026-05-21 03:08:14] TSPTester.py(102) :  Student SCORE: 10.4912 
[2026-05-21 03:08:14] TSPTester.py(103) :  Gap: 1.4164%
[2026-05-21 03:08:14] test.py(168) : DEBUG_MODE: False
[2026-05-21 03:08:14] test.py(169) : USE_CUDA: True, CUDA_DEVICE_NUM: 0
[2026-05-21 03:08:14] test.py(171) : env_params{'mode': 'test', 'data_path': None, 'sub_path': False}
[2026-05-21 03:08:14] test.py(171) : model_params{'mode': 'test', 'embedding_dim': 128, 'sqrt_embedding_dim': 11.313708498984761, 'decoder_layer_num': 6, 'qkv_dim': 16, 'head_num': 8, 'ff_hidden_dim': 128}
[2026-05-21 03:08:14] test.py(171) : tester_params{'use_cuda': True, 'cuda_device_num': 0, 'test_episodes': 200, 'test_batch_size': 200, 'beam_size': 16, 'knn_k': 99, 'num_PRC': 1000, 'beam': True, 'PRC': True, 'model_load': {'path': 'result/pre_trained_model', 'epoch': 49}}
[2026-05-21 03:08:14] test.py(171) : logger_params{'log_file': {'desc': 'test_Neural_Neural-RC', 'filename': 'log.txt', 'filepath': '/home/schafhdaniel@edu.local/ablation-study-GELD/result/20260521_094801_test_Neural_Neural-RC'}}
[2026-05-21 03:08:14] test.py(171) : ablation_params{'stage_1': 'Neural', 'stage_2': 'Neural-RC'}
load raw dataset begin!
Get first complete solution!
[2026-05-21 03:12:43] TSPTester.py(702) : greedy, name:TSP1000, gap:2.237280 %,  Elapsed[4.42m], stu_l:14.413624 , opt_l:14.098207
[2026-05-21 03:12:43] TSPTester.py(86) : episode 200/200, Elapsed[4.42m], Remain[0.00m], Score_teacher:14.0982,Score_studetnt: 14.4136,
[2026-05-21 03:12:43] TSPTester.py(100) :  *** Test Done *** 
[2026-05-21 03:12:43] TSPTester.py(101) :  Teacher SCORE: 14.0982 
[2026-05-21 03:12:43] TSPTester.py(102) :  Student SCORE: 14.4136 
[2026-05-21 03:12:43] TSPTester.py(103) :  Gap: 2.2373%
[2026-05-21 03:12:43] test.py(168) : DEBUG_MODE: False
[2026-05-21 03:12:43] test.py(169) : USE_CUDA: True, CUDA_DEVICE_NUM: 0
[2026-05-21 03:12:43] test.py(171) : env_params{'mode': 'test', 'data_path': None, 'sub_path': False}
[2026-05-21 03:12:43] test.py(171) : model_params{'mode': 'test', 'embedding_dim': 128, 'sqrt_embedding_dim': 11.313708498984761, 'decoder_layer_num': 6, 'qkv_dim': 16, 'head_num': 8, 'ff_hidden_dim': 128}
[2026-05-21 03:12:43] test.py(171) : tester_params{'use_cuda': True, 'cuda_device_num': 0, 'test_episodes': 20, 'test_batch_size': 20, 'beam_size': 16, 'knn_k': 99, 'num_PRC': 1000, 'beam': True, 'PRC': True, 'model_load': {'path': 'result/pre_trained_model', 'epoch': 49}}
[2026-05-21 03:12:43] test.py(171) : logger_params{'log_file': {'desc': 'test_Neural_Neural-RC', 'filename': 'log.txt', 'filepath': '/home/schafhdaniel@edu.local/ablation-study-GELD/result/20260521_094801_test_Neural_Neural-RC'}}
[2026-05-21 03:12:43] test.py(171) : ablation_params{'stage_1': 'Neural', 'stage_2': 'Neural-RC'}
load raw dataset begin!
Get first complete solution!
[2026-05-21 03:16:04] TSPTester.py(702) : greedy, name:TSP5000, gap:4.269266 %,  Elapsed[3.30m], stu_l:30.066931 , opt_l:28.835852
[2026-05-21 03:16:04] TSPTester.py(86) : episode  20/ 20, Elapsed[3.30m], Remain[0.00m], Score_teacher:28.8359,Score_studetnt: 30.0669,
[2026-05-21 03:16:04] TSPTester.py(100) :  *** Test Done *** 
[2026-05-21 03:16:04] TSPTester.py(101) :  Teacher SCORE: 28.8359 
[2026-05-21 03:16:04] TSPTester.py(102) :  Student SCORE: 30.0669 
[2026-05-21 03:16:04] TSPTester.py(103) :  Gap: 4.2693%
[2026-05-21 03:16:04] test.py(168) : DEBUG_MODE: False
[2026-05-21 03:16:04] test.py(169) : USE_CUDA: True, CUDA_DEVICE_NUM: 0
[2026-05-21 03:16:04] test.py(171) : env_params{'mode': 'test', 'data_path': None, 'sub_path': False}
[2026-05-21 03:16:04] test.py(171) : model_params{'mode': 'test', 'embedding_dim': 128, 'sqrt_embedding_dim': 11.313708498984761, 'decoder_layer_num': 6, 'qkv_dim': 16, 'head_num': 8, 'ff_hidden_dim': 128}
[2026-05-21 03:16:04] test.py(171) : tester_params{'use_cuda': True, 'cuda_device_num': 0, 'test_episodes': 20, 'test_batch_size': 20, 'beam_size': 16, 'knn_k': 99, 'num_PRC': 1000, 'beam': True, 'PRC': True, 'model_load': {'path': 'result/pre_trained_model', 'epoch': 49}}
[2026-05-21 03:16:04] test.py(171) : logger_params{'log_file': {'desc': 'test_Neural_Neural-RC', 'filename': 'log.txt', 'filepath': '/home/schafhdaniel@edu.local/ablation-study-GELD/result/20260521_094801_test_Neural_Neural-RC'}}
[2026-05-21 03:16:04] test.py(171) : ablation_params{'stage_1': 'Neural', 'stage_2': 'Neural-RC'}
load raw dataset begin!
Get first complete solution!
[2026-05-21 03:21:59] TSPTester.py(702) : greedy, name:TSP10000, gap:3.495195 %,  Elapsed[5.86m], stu_l:41.670101 , opt_l:40.262836
[2026-05-21 03:21:59] TSPTester.py(86) : episode  20/ 20, Elapsed[5.86m], Remain[0.00m], Score_teacher:40.2628,Score_studetnt: 41.6701,
[2026-05-21 03:21:59] TSPTester.py(100) :  *** Test Done *** 
[2026-05-21 03:21:59] TSPTester.py(101) :  Teacher SCORE: 40.2628 
[2026-05-21 03:21:59] TSPTester.py(102) :  Student SCORE: 41.6701 
[2026-05-21 03:21:59] TSPTester.py(103) :  Gap: 3.4952%
[2026-05-21 03:21:59] test.py(168) : DEBUG_MODE: False
[2026-05-21 03:21:59] test.py(169) : USE_CUDA: True, CUDA_DEVICE_NUM: 0
[2026-05-21 03:21:59] test.py(171) : env_params{'mode': 'test', 'data_path': None, 'sub_path': False}
[2026-05-21 03:21:59] test.py(171) : model_params{'mode': 'test', 'embedding_dim': 128, 'sqrt_embedding_dim': 11.313708498984761, 'decoder_layer_num': 6, 'qkv_dim': 16, 'head_num': 8, 'ff_hidden_dim': 128}
[2026-05-21 03:21:59] test.py(171) : tester_params{'use_cuda': True, 'cuda_device_num': 0, 'test_episodes': 200, 'test_batch_size': 200, 'beam_size': 16, 'knn_k': 99, 'num_PRC': 1000, 'beam': True, 'PRC': True, 'model_load': {'path': 'result/pre_trained_model', 'epoch': 49}}
[2026-05-21 03:21:59] test.py(171) : logger_params{'log_file': {'desc': 'test_Neural_Neural-RC', 'filename': 'log.txt', 'filepath': '/home/schafhdaniel@edu.local/ablation-study-GELD/result/20260521_094801_test_Neural_Neural-RC'}}
[2026-05-21 03:21:59] test.py(171) : ablation_params{'stage_1': 'Neural', 'stage_2': 'Neural-RC'}
load raw dataset begin!
Get first complete solution!
[2026-05-21 03:22:37] TSPTester.py(702) : greedy, name:TSP100, gap:0.179375 %,  Elapsed[0.57m], stu_l:6.551462 , opt_l:6.539732
[2026-05-21 03:22:37] TSPTester.py(86) : episode 200/200, Elapsed[0.57m], Remain[0.00m], Score_teacher:6.5397,Score_studetnt: 6.5515,
[2026-05-21 03:22:37] TSPTester.py(100) :  *** Test Done *** 
[2026-05-21 03:22:37] TSPTester.py(101) :  Teacher SCORE: 6.5397 
[2026-05-21 03:22:37] TSPTester.py(102) :  Student SCORE: 6.5515 
[2026-05-21 03:22:37] TSPTester.py(103) :  Gap: 0.1794%
[2026-05-21 03:22:37] test.py(168) : DEBUG_MODE: False
[2026-05-21 03:22:37] test.py(169) : USE_CUDA: True, CUDA_DEVICE_NUM: 0
[2026-05-21 03:22:37] test.py(171) : env_params{'mode': 'test', 'data_path': None, 'sub_path': False}
[2026-05-21 03:22:37] test.py(171) : model_params{'mode': 'test', 'embedding_dim': 128, 'sqrt_embedding_dim': 11.313708498984761, 'decoder_layer_num': 6, 'qkv_dim': 16, 'head_num': 8, 'ff_hidden_dim': 128}
[2026-05-21 03:22:37] test.py(171) : tester_params{'use_cuda': True, 'cuda_device_num': 0, 'test_episodes': 200, 'test_batch_size': 100, 'beam_size': 16, 'knn_k': 99, 'num_PRC': 1000, 'beam': True, 'PRC': True, 'model_load': {'path': 'result/pre_trained_model', 'epoch': 49}}
[2026-05-21 03:22:37] test.py(171) : logger_params{'log_file': {'desc': 'test_Neural_Neural-RC', 'filename': 'log.txt', 'filepath': '/home/schafhdaniel@edu.local/ablation-study-GELD/result/20260521_094801_test_Neural_Neural-RC'}}
[2026-05-21 03:22:37] test.py(171) : ablation_params{'stage_1': 'Neural', 'stage_2': 'Neural-RC'}
load raw dataset begin!
Get first complete solution!
[2026-05-21 03:24:04] TSPTester.py(702) : greedy, name:TSP500, gap:0.939889 %,  Elapsed[1.41m], stu_l:12.098099 , opt_l:11.985449
[2026-05-21 03:24:04] TSPTester.py(86) : episode 100/200, Elapsed[1.41m], Remain[1.41m], Score_teacher:11.9854,Score_studetnt: 12.0981,
Get first complete solution!
[2026-05-21 03:25:18] TSPTester.py(702) : greedy, name:TSP500, gap:1.440792 %,  Elapsed[2.64m], stu_l:12.208241 , opt_l:12.034844
[2026-05-21 03:25:18] TSPTester.py(86) : episode 200/200, Elapsed[2.64m], Remain[0.00m], Score_teacher:12.0348,Score_studetnt: 12.2082,
[2026-05-21 03:25:18] TSPTester.py(100) :  *** Test Done *** 
[2026-05-21 03:25:18] TSPTester.py(101) :  Teacher SCORE: 12.0101 
[2026-05-21 03:25:18] TSPTester.py(102) :  Student SCORE: 12.1532 
[2026-05-21 03:25:18] TSPTester.py(103) :  Gap: 1.1909%
[2026-05-21 03:25:18] test.py(168) : DEBUG_MODE: False
[2026-05-21 03:25:18] test.py(169) : USE_CUDA: True, CUDA_DEVICE_NUM: 0
[2026-05-21 03:25:18] test.py(171) : env_params{'mode': 'test', 'data_path': None, 'sub_path': False}
[2026-05-21 03:25:18] test.py(171) : model_params{'mode': 'test', 'embedding_dim': 128, 'sqrt_embedding_dim': 11.313708498984761, 'decoder_layer_num': 6, 'qkv_dim': 16, 'head_num': 8, 'ff_hidden_dim': 128}
[2026-05-21 03:25:18] test.py(171) : tester_params{'use_cuda': True, 'cuda_device_num': 0, 'test_episodes': 200, 'test_batch_size': 200, 'beam_size': 16, 'knn_k': 99, 'num_PRC': 1000, 'beam': True, 'PRC': True, 'model_load': {'path': 'result/pre_trained_model', 'epoch': 49}}
[2026-05-21 03:25:18] test.py(171) : logger_params{'log_file': {'desc': 'test_Neural_Neural-RC', 'filename': 'log.txt', 'filepath': '/home/schafhdaniel@edu.local/ablation-study-GELD/result/20260521_094801_test_Neural_Neural-RC'}}
[2026-05-21 03:25:18] test.py(171) : ablation_params{'stage_1': 'Neural', 'stage_2': 'Neural-RC'}
load raw dataset begin!
Get first complete solution!
[2026-05-21 03:29:46] TSPTester.py(702) : greedy, name:TSP1000, gap:1.522671 %,  Elapsed[4.41m], stu_l:16.298706 , opt_l:16.054253
[2026-05-21 03:29:46] TSPTester.py(86) : episode 200/200, Elapsed[4.41m], Remain[0.00m], Score_teacher:16.0543,Score_studetnt: 16.2987,
[2026-05-21 03:29:46] TSPTester.py(100) :  *** Test Done *** 
[2026-05-21 03:29:46] TSPTester.py(101) :  Teacher SCORE: 16.0543 
[2026-05-21 03:29:46] TSPTester.py(102) :  Student SCORE: 16.2987 
[2026-05-21 03:29:46] TSPTester.py(103) :  Gap: 1.5227%
[2026-05-21 03:29:46] test.py(168) : DEBUG_MODE: False
[2026-05-21 03:29:46] test.py(169) : USE_CUDA: True, CUDA_DEVICE_NUM: 0
[2026-05-21 03:29:46] test.py(171) : env_params{'mode': 'test', 'data_path': None, 'sub_path': False}
[2026-05-21 03:29:46] test.py(171) : model_params{'mode': 'test', 'embedding_dim': 128, 'sqrt_embedding_dim': 11.313708498984761, 'decoder_layer_num': 6, 'qkv_dim': 16, 'head_num': 8, 'ff_hidden_dim': 128}
[2026-05-21 03:29:46] test.py(171) : tester_params{'use_cuda': True, 'cuda_device_num': 0, 'test_episodes': 20, 'test_batch_size': 20, 'beam_size': 16, 'knn_k': 99, 'num_PRC': 1000, 'beam': True, 'PRC': True, 'model_load': {'path': 'result/pre_trained_model', 'epoch': 49}}
[2026-05-21 03:29:46] test.py(171) : logger_params{'log_file': {'desc': 'test_Neural_Neural-RC', 'filename': 'log.txt', 'filepath': '/home/schafhdaniel@edu.local/ablation-study-GELD/result/20260521_094801_test_Neural_Neural-RC'}}
[2026-05-21 03:29:46] test.py(171) : ablation_params{'stage_1': 'Neural', 'stage_2': 'Neural-RC'}
load raw dataset begin!
Get first complete solution!
[2026-05-21 03:33:08] TSPTester.py(702) : greedy, name:TSP5000, gap:4.550099 %,  Elapsed[3.29m], stu_l:33.434254 , opt_l:31.979170
[2026-05-21 03:33:08] TSPTester.py(86) : episode  20/ 20, Elapsed[3.29m], Remain[0.00m], Score_teacher:31.9792,Score_studetnt: 33.4343,
[2026-05-21 03:33:08] TSPTester.py(100) :  *** Test Done *** 
[2026-05-21 03:33:08] TSPTester.py(101) :  Teacher SCORE: 31.9792 
[2026-05-21 03:33:08] TSPTester.py(102) :  Student SCORE: 33.4343 
[2026-05-21 03:33:08] TSPTester.py(103) :  Gap: 4.5501%
[2026-05-21 03:33:08] test.py(168) : DEBUG_MODE: False
[2026-05-21 03:33:08] test.py(169) : USE_CUDA: True, CUDA_DEVICE_NUM: 0
[2026-05-21 03:33:08] test.py(171) : env_params{'mode': 'test', 'data_path': None, 'sub_path': False}
[2026-05-21 03:33:08] test.py(171) : model_params{'mode': 'test', 'embedding_dim': 128, 'sqrt_embedding_dim': 11.313708498984761, 'decoder_layer_num': 6, 'qkv_dim': 16, 'head_num': 8, 'ff_hidden_dim': 128}
[2026-05-21 03:33:08] test.py(171) : tester_params{'use_cuda': True, 'cuda_device_num': 0, 'test_episodes': 20, 'test_batch_size': 20, 'beam_size': 16, 'knn_k': 99, 'num_PRC': 1000, 'beam': True, 'PRC': True, 'model_load': {'path': 'result/pre_trained_model', 'epoch': 49}}
[2026-05-21 03:33:08] test.py(171) : logger_params{'log_file': {'desc': 'test_Neural_Neural-RC', 'filename': 'log.txt', 'filepath': '/home/schafhdaniel@edu.local/ablation-study-GELD/result/20260521_094801_test_Neural_Neural-RC'}}
[2026-05-21 03:33:08] test.py(171) : ablation_params{'stage_1': 'Neural', 'stage_2': 'Neural-RC'}
load raw dataset begin!
Get first complete solution!
[2026-05-21 03:39:04] TSPTester.py(702) : greedy, name:TSP10000, gap:4.792922 %,  Elapsed[5.85m], stu_l:43.258629 , opt_l:41.280106
[2026-05-21 03:39:04] TSPTester.py(86) : episode  20/ 20, Elapsed[5.85m], Remain[0.00m], Score_teacher:41.2801,Score_studetnt: 43.2586,
[2026-05-21 03:39:04] TSPTester.py(100) :  *** Test Done *** 
[2026-05-21 03:39:04] TSPTester.py(101) :  Teacher SCORE: 41.2801 
[2026-05-21 03:39:04] TSPTester.py(102) :  Student SCORE: 43.2586 
[2026-05-21 03:39:04] TSPTester.py(103) :  Gap: 4.7929%
[2026-05-21 03:39:04] test.py(168) : DEBUG_MODE: False
[2026-05-21 03:39:04] test.py(169) : USE_CUDA: True, CUDA_DEVICE_NUM: 0
[2026-05-21 03:39:04] test.py(171) : env_params{'mode': 'test', 'data_path': None, 'sub_path': False}
[2026-05-21 03:39:04] test.py(171) : model_params{'mode': 'test', 'embedding_dim': 128, 'sqrt_embedding_dim': 11.313708498984761, 'decoder_layer_num': 6, 'qkv_dim': 16, 'head_num': 8, 'ff_hidden_dim': 128}
[2026-05-21 03:39:04] test.py(171) : tester_params{'use_cuda': True, 'cuda_device_num': 0, 'test_episodes': 200, 'test_batch_size': 200, 'beam_size': 16, 'knn_k': 99, 'num_PRC': 1000, 'beam': True, 'PRC': True, 'model_load': {'path': 'result/pre_trained_model', 'epoch': 49}}
[2026-05-21 03:39:04] test.py(171) : logger_params{'log_file': {'desc': 'test_Neural_Neural-RC', 'filename': 'log.txt', 'filepath': '/home/schafhdaniel@edu.local/ablation-study-GELD/result/20260521_094801_test_Neural_Neural-RC'}}
[2026-05-21 03:39:04] test.py(171) : ablation_params{'stage_1': 'Neural', 'stage_2': 'Neural-RC'}
load raw dataset begin!
Get first complete solution!
[2026-05-21 03:39:42] TSPTester.py(702) : greedy, name:TSP100, gap:0.217153 %,  Elapsed[0.57m], stu_l:7.128917 , opt_l:7.113470
[2026-05-21 03:39:42] TSPTester.py(86) : episode 200/200, Elapsed[0.57m], Remain[0.00m], Score_teacher:7.1135,Score_studetnt: 7.1289,
[2026-05-21 03:39:42] TSPTester.py(100) :  *** Test Done *** 
[2026-05-21 03:39:42] TSPTester.py(101) :  Teacher SCORE: 7.1135 
[2026-05-21 03:39:42] TSPTester.py(102) :  Student SCORE: 7.1289 
[2026-05-21 03:39:42] TSPTester.py(103) :  Gap: 0.2172%
[2026-05-21 03:39:42] test.py(168) : DEBUG_MODE: False
[2026-05-21 03:39:42] test.py(169) : USE_CUDA: True, CUDA_DEVICE_NUM: 0
[2026-05-21 03:39:42] test.py(171) : env_params{'mode': 'test', 'data_path': None, 'sub_path': False}
[2026-05-21 03:39:42] test.py(171) : model_params{'mode': 'test', 'embedding_dim': 128, 'sqrt_embedding_dim': 11.313708498984761, 'decoder_layer_num': 6, 'qkv_dim': 16, 'head_num': 8, 'ff_hidden_dim': 128}
[2026-05-21 03:39:42] test.py(171) : tester_params{'use_cuda': True, 'cuda_device_num': 0, 'test_episodes': 200, 'test_batch_size': 100, 'beam_size': 16, 'knn_k': 99, 'num_PRC': 1000, 'beam': True, 'PRC': True, 'model_load': {'path': 'result/pre_trained_model', 'epoch': 49}}
[2026-05-21 03:39:42] test.py(171) : logger_params{'log_file': {'desc': 'test_Neural_Neural-RC', 'filename': 'log.txt', 'filepath': '/home/schafhdaniel@edu.local/ablation-study-GELD/result/20260521_094801_test_Neural_Neural-RC'}}
[2026-05-21 03:39:42] test.py(171) : ablation_params{'stage_1': 'Neural', 'stage_2': 'Neural-RC'}
load raw dataset begin!
Get first complete solution!
[2026-05-21 03:41:10] TSPTester.py(702) : greedy, name:TSP500, gap:1.452124 %,  Elapsed[1.41m], stu_l:14.502007 , opt_l:14.294434
[2026-05-21 03:41:10] TSPTester.py(86) : episode 100/200, Elapsed[1.41m], Remain[1.41m], Score_teacher:14.2944,Score_studetnt: 14.5020,
Get first complete solution!
[2026-05-21 03:42:23] TSPTester.py(702) : greedy, name:TSP500, gap:1.740957 %,  Elapsed[2.64m], stu_l:14.784138 , opt_l:14.531157
[2026-05-21 03:42:23] TSPTester.py(86) : episode 200/200, Elapsed[2.64m], Remain[0.00m], Score_teacher:14.5312,Score_studetnt: 14.7841,
[2026-05-21 03:42:23] TSPTester.py(100) :  *** Test Done *** 
[2026-05-21 03:42:23] TSPTester.py(101) :  Teacher SCORE: 14.4128 
[2026-05-21 03:42:23] TSPTester.py(102) :  Student SCORE: 14.6431 
[2026-05-21 03:42:23] TSPTester.py(103) :  Gap: 1.5977%
[2026-05-21 03:42:23] test.py(168) : DEBUG_MODE: False
[2026-05-21 03:42:23] test.py(169) : USE_CUDA: True, CUDA_DEVICE_NUM: 0
[2026-05-21 03:42:23] test.py(171) : env_params{'mode': 'test', 'data_path': None, 'sub_path': False}
[2026-05-21 03:42:23] test.py(171) : model_params{'mode': 'test', 'embedding_dim': 128, 'sqrt_embedding_dim': 11.313708498984761, 'decoder_layer_num': 6, 'qkv_dim': 16, 'head_num': 8, 'ff_hidden_dim': 128}
[2026-05-21 03:42:23] test.py(171) : tester_params{'use_cuda': True, 'cuda_device_num': 0, 'test_episodes': 200, 'test_batch_size': 200, 'beam_size': 16, 'knn_k': 99, 'num_PRC': 1000, 'beam': True, 'PRC': True, 'model_load': {'path': 'result/pre_trained_model', 'epoch': 49}}
[2026-05-21 03:42:23] test.py(171) : logger_params{'log_file': {'desc': 'test_Neural_Neural-RC', 'filename': 'log.txt', 'filepath': '/home/schafhdaniel@edu.local/ablation-study-GELD/result/20260521_094801_test_Neural_Neural-RC'}}
[2026-05-21 03:42:23] test.py(171) : ablation_params{'stage_1': 'Neural', 'stage_2': 'Neural-RC'}
load raw dataset begin!
Get first complete solution!
[2026-05-21 03:46:53] TSPTester.py(702) : greedy, name:TSP1000, gap:1.639079 %,  Elapsed[4.42m], stu_l:20.524160 , opt_l:20.193178
[2026-05-21 03:46:53] TSPTester.py(86) : episode 200/200, Elapsed[4.42m], Remain[0.00m], Score_teacher:20.1932,Score_studetnt: 20.5242,
[2026-05-21 03:46:53] TSPTester.py(100) :  *** Test Done *** 
[2026-05-21 03:46:53] TSPTester.py(101) :  Teacher SCORE: 20.1932 
[2026-05-21 03:46:53] TSPTester.py(102) :  Student SCORE: 20.5242 
[2026-05-21 03:46:53] TSPTester.py(103) :  Gap: 1.6391%
[2026-05-21 03:46:53] test.py(168) : DEBUG_MODE: False
[2026-05-21 03:46:53] test.py(169) : USE_CUDA: True, CUDA_DEVICE_NUM: 0
[2026-05-21 03:46:53] test.py(171) : env_params{'mode': 'test', 'data_path': None, 'sub_path': False}
[2026-05-21 03:46:53] test.py(171) : model_params{'mode': 'test', 'embedding_dim': 128, 'sqrt_embedding_dim': 11.313708498984761, 'decoder_layer_num': 6, 'qkv_dim': 16, 'head_num': 8, 'ff_hidden_dim': 128}
[2026-05-21 03:46:53] test.py(171) : tester_params{'use_cuda': True, 'cuda_device_num': 0, 'test_episodes': 20, 'test_batch_size': 20, 'beam_size': 16, 'knn_k': 99, 'num_PRC': 1000, 'beam': True, 'PRC': True, 'model_load': {'path': 'result/pre_trained_model', 'epoch': 49}}
[2026-05-21 03:46:53] test.py(171) : logger_params{'log_file': {'desc': 'test_Neural_Neural-RC', 'filename': 'log.txt', 'filepath': '/home/schafhdaniel@edu.local/ablation-study-GELD/result/20260521_094801_test_Neural_Neural-RC'}}
[2026-05-21 03:46:53] test.py(171) : ablation_params{'stage_1': 'Neural', 'stage_2': 'Neural-RC'}
load raw dataset begin!
Get first complete solution!
[2026-05-21 03:50:17] TSPTester.py(702) : greedy, name:TSP5000, gap:3.162055 %,  Elapsed[3.30m], stu_l:46.467823 , opt_l:45.043522
[2026-05-21 03:50:17] TSPTester.py(86) : episode  20/ 20, Elapsed[3.30m], Remain[0.00m], Score_teacher:45.0435,Score_studetnt: 46.4678,
[2026-05-21 03:50:17] TSPTester.py(100) :  *** Test Done *** 
[2026-05-21 03:50:17] TSPTester.py(101) :  Teacher SCORE: 45.0435 
[2026-05-21 03:50:17] TSPTester.py(102) :  Student SCORE: 46.4678 
[2026-05-21 03:50:17] TSPTester.py(103) :  Gap: 3.1621%
[2026-05-21 03:50:17] test.py(168) : DEBUG_MODE: False
[2026-05-21 03:50:17] test.py(169) : USE_CUDA: True, CUDA_DEVICE_NUM: 0
[2026-05-21 03:50:17] test.py(171) : env_params{'mode': 'test', 'data_path': None, 'sub_path': False}
[2026-05-21 03:50:17] test.py(171) : model_params{'mode': 'test', 'embedding_dim': 128, 'sqrt_embedding_dim': 11.313708498984761, 'decoder_layer_num': 6, 'qkv_dim': 16, 'head_num': 8, 'ff_hidden_dim': 128}
[2026-05-21 03:50:17] test.py(171) : tester_params{'use_cuda': True, 'cuda_device_num': 0, 'test_episodes': 20, 'test_batch_size': 20, 'beam_size': 16, 'knn_k': 99, 'num_PRC': 1000, 'beam': True, 'PRC': True, 'model_load': {'path': 'result/pre_trained_model', 'epoch': 49}}
[2026-05-21 03:50:17] test.py(171) : logger_params{'log_file': {'desc': 'test_Neural_Neural-RC', 'filename': 'log.txt', 'filepath': '/home/schafhdaniel@edu.local/ablation-study-GELD/result/20260521_094801_test_Neural_Neural-RC'}}
[2026-05-21 03:50:17] test.py(171) : ablation_params{'stage_1': 'Neural', 'stage_2': 'Neural-RC'}
load raw dataset begin!
Get first complete solution!
[2026-05-21 03:56:13] TSPTester.py(702) : greedy, name:TSP10000, gap:2.779387 %,  Elapsed[5.85m], stu_l:65.498535 , opt_l:63.727306
[2026-05-21 03:56:13] TSPTester.py(86) : episode  20/ 20, Elapsed[5.85m], Remain[0.00m], Score_teacher:63.7273,Score_studetnt: 65.4985,
[2026-05-21 03:56:13] TSPTester.py(100) :  *** Test Done *** 
[2026-05-21 03:56:13] TSPTester.py(101) :  Teacher SCORE: 63.7273 
[2026-05-21 03:56:13] TSPTester.py(102) :  Student SCORE: 65.4985 
[2026-05-21 03:56:13] TSPTester.py(103) :  Gap: 2.7794%
